<?xml version="1.0" encoding="UTF-8"?>
<!-- Generated by org.testng.reporters.JUnitReportReporter -->
<testsuite hostname="DESKTOP-JHTB1EL" failures="0" tests="1" name="com.testng.AssertsMethods" time="9.478" errors="0" timestamp="2024-11-22T13:39:22 IST" skipped="0">
  <testcase classname="com.testng.AssertsMethods" name="LoginPage" time="9.478"/>
  <system-out/>
</testsuite> <!-- com.testng.AssertsMethods -->
