<?xml version="1.0" encoding="UTF-8"?>
<!-- Generated by org.testng.reporters.JUnitReportReporter -->
<testsuite hostname="DESKTOP-JHTB1EL" failures="0" tests="3" name="com.testng.SimpleAnnotations" time="0.011" errors="0" timestamp="2024-11-18T13:59:16 IST" skipped="0">
  <testcase classname="com.testng.SimpleAnnotations" name="Kids" time="0.006"/>
  <system-out/>
  <testcase classname="com.testng.SimpleAnnotations" name="women" time="0.002"/>
  <system-out/>
  <testcase classname="com.testng.SimpleAnnotations" name="Men" time="0.003"/>
  <system-out/>
</testsuite> <!-- com.testng.SimpleAnnotations -->
